<?xml version="1.0" encoding="UTF-8"?>
<!-- Generated by org.testng.reporters.JUnitXMLReporter -->
<testsuite hostname="prakash-PC" name="Default test" tests="4" failures="0" timestamp="23 Sep 2022 21:47:45 GMT" time="129.309" errors="0">
  <testcase name="invldlogins" time="17.915" classname="org.testNG.SignIn"/>
  <testcase name="invldlogins" time="8.191" classname="org.testNG.SignIn"/>
  <testcase name="invldlogin" time="9.392" classname="org.testNG.SignIn"/>
  <testcase name="invldloginn" time="11.716" classname="org.testNG.SignIn"/>
</testsuite> <!-- Default test -->
