<?xml version="1.0" encoding="UTF-8"?>
<!-- Generated by org.testng.reporters.JUnitXMLReporter -->
<testsuite hostname="prakash-PC" name="Test" tests="15" failures="0" timestamp="23 Sep 2022 03:52:38 GMT" time="347.701" errors="0">
  <testcase name="invldlogins" time="16.545" classname="org.testNG.MyProject1"/>
  <testcase name="invldlogins" time="5.129" classname="org.testNG.MyProject1"/>
  <testcase name="invldlogin" time="5.65" classname="org.testNG.MyProject1"/>
  <testcase name="invldloginn" time="8.651" classname="org.testNG.MyProject1"/>
  <testcase name="tc1jewellery" time="5.522" classname="org.testNG.MyProject2"/>
  <testcase name="tc2clothing" time="6.488" classname="org.testNG.MyProject2"/>
  <testcase name="tc3home" time="0.358" classname="org.testNG.MyProject2"/>
  <testcase name="tc4wedding" time="5.576" classname="org.testNG.MyProject2"/>
  <testcase name="tc5toysandent" time="5.194" classname="org.testNG.MyProject2"/>
  <testcase name="tc6art" time="5.416" classname="org.testNG.MyProject2"/>
  <testcase name="tc7gifts" time="6.516" classname="org.testNG.MyProject2"/>
  <testcase name="order" time="19.722" classname="org.testNG.MyProject3"/>
  <testcase name="favorites" time="23.348" classname="org.testNG.MyProject4"/>
  <testcase name="tc1" time="9.263" classname="org.testNG.MyProject5"/>
  <testcase name="tc2" time="12.98" classname="org.testNG.MyProject5"/>
</testsuite> <!-- Test -->
